<?xml version="1.0" encoding="UTF-8"?>
<!-- Generated by org.testng.reporters.JUnitXMLReporter -->
<testsuite ignored="2" hostname="ThinkPad-X1" failures="0" tests="7" name="Courses" time="0.066" errors="0" timestamp="2026-02-19T16:30:49 AEDT">
  <testcase classname="Test.day3" name="accountcreation" time="0.007"/>
  <testcase classname="Test.day3" name="accountdeletion" time="0.001"/>
  <testcase classname="Test.day3" name="accountdeletion" time="0.001"/>
  <testcase classname="Test.day3" name="accountdeletion" time="0.001"/>
  <testcase classname="Test.day3" name="mobile" time="0.001"/>
  <testcase classname="Test.day4" name="Appium" time="0.002"/>
  <testcase classname="Test.day4" name="selenium" time="0.003"/>
  <testcase classname="Test.day3" name="personal" time="0.0">
    <ignored/>
  </testcase> <!-- personal -->
  <testcase classname="Test.day4" name="cypress" time="0.0">
    <ignored/>
  </testcase> <!-- cypress -->
</testsuite> <!-- Courses -->
