<?xml version="1.0" encoding="UTF-8"?>
<!-- Generated by org.testng.reporters.JUnitXMLReporter -->
<testsuite ignored="7" hostname="ThinkPad-X1" failures="0" tests="3" name="PracticeTest" time="0.053" errors="0" timestamp="2026-02-19T12:22:28 AEDT">
  <testcase classname="Test.day1" name="Demo" time="0.007"/>
  <testcase classname="Test.day3" name="mobile" time="0.001"/>
  <testcase classname="Test.day4" name="Appium" time="0.001"/>
  <testcase classname="Test.day3" name="accountdeletion" time="0.0">
    <ignored/>
  </testcase> <!-- accountdeletion -->
  <testcase classname="Test.day3" name="accountcreation" time="0.0">
    <ignored/>
  </testcase> <!-- accountcreation -->
  <testcase classname="Test.day2" name="wish2" time="0.0">
    <ignored/>
  </testcase> <!-- wish2 -->
  <testcase classname="Test.day1" name="Demo1" time="0.0">
    <ignored/>
  </testcase> <!-- Demo1 -->
  <testcase classname="Test.day4" name="selenium" time="0.0">
    <ignored/>
  </testcase> <!-- selenium -->
  <testcase classname="Test.day4" name="cypress" time="0.0">
    <ignored/>
  </testcase> <!-- cypress -->
  <testcase classname="Test.day3" name="personal" time="0.0">
    <ignored/>
  </testcase> <!-- personal -->
</testsuite> <!-- PracticeTest -->
