<?xml version="1.0" encoding="UTF-8"?>
<!-- Generated by org.testng.reporters.JUnitReportReporter -->
<testsuite hostname="ThinkPad-X1" failures="0" tests="5" name="Test.day3" time="0.011" errors="0" timestamp="2026-02-19T16:30:49 AEDT" skipped="0">
  <testcase classname="Test.day3" name="accountdeletion" time="0.001"/>
  <testcase classname="Test.day3" name="accountcreation" time="0.007"/>
  <testcase classname="Test.day3" name="mobile" time="0.001"/>
  <testcase classname="Test.day3" name="accountdeletion" time="0.001"/>
  <testcase classname="Test.day3" name="accountdeletion" time="0.001"/>
</testsuite> <!-- Test.day3 -->
