<?xml version="1.0" encoding="UTF-8"?>
<!-- Generated by org.testng.reporters.JUnitReportReporter -->
<testsuite hostname="ThinkPad-X1" failures="0" tests="3" name="Test.day4" time="0.006" errors="0" timestamp="2026-02-19T16:30:49 AEDT" skipped="1">
  <testcase classname="Test.day4" name="Appium" time="0.002"/>
  <testcase classname="Test.day4" name="selenium" time="0.004"/>
  <testcase classname="Test.day4" name="cypress">
    <skipped/>
  </testcase> <!-- cypress -->
</testsuite> <!-- Test.day4 -->
